[debug] [2026-01-11T18:58:05.609Z] ----------------------------------------------------------------------
[debug] [2026-01-11T18:58:05.616Z] Command:       /nix/store/ws50yvm6vzlzf7jzz6n7xh4szddrack1-nodejs-20.19.1/bin/node /nix/store/c776mhyhgykcld7p90ajrka149ifn61a-firebase-tools-14.26.0/lib/node_modules/firebase-tools/lib/bin/firebase.js init hosting
[debug] [2026-01-11T18:58:05.618Z] CLI Version:   14.26.0
[debug] [2026-01-11T18:58:05.618Z] Platform:      linux
[debug] [2026-01-11T18:58:05.620Z] Node Version:  v20.19.1
[debug] [2026-01-11T18:58:05.620Z] Time:          Sun Jan 11 2026 18:58:05 GMT+0000 (Coordinated Universal Time)
[debug] [2026-01-11T18:58:05.621Z] ----------------------------------------------------------------------
[debug] 
[debug] [2026-01-11T18:58:05.631Z] >>> [apiv2][query] GET https://firebase-public.firebaseio.com/cli.json [none]
[debug] [2026-01-11T18:58:05.757Z] No OAuth tokens found
[debug] [2026-01-11T18:58:05.760Z] No OAuth tokens found
[error] Failed to fetch Firebase Project from current Studio Workspace: Unable to refresh auth: not yet authenticated.
[info] 
     ######## #### ########  ######## ########     ###     ######  ########
     ##        ##  ##     ## ##       ##     ##  ##   ##  ##       ##
     ######    ##  ########  ######   ########  #########  ######  ######
     ##        ##  ##    ##  ##       ##     ## ##     ##       ## ##
     ##       #### ##     ## ######## ########  ##     ##  ######  ########

You're about to initialize a Firebase project in this directory:

  /home/user/studio

[info] 
=== Project Setup
[info] 
[info] First, let's associate this project directory with a Firebase project.
[info] You can create multiple project aliases by running firebase use --add, 
[info] 
[debug] [2026-01-11T18:58:05.796Z] > command requires scopes: ["email","openid","https://www.googleapis.com/auth/cloudplatformprojects.readonly","https://www.googleapis.com/auth/firebase","https://www.googleapis.com/auth/cloud-platform","https://www.googleapis.com/auth/userinfo.email"]
[debug] [2026-01-11T18:58:06.150Z] <<< [apiv2][status] GET https://firebase-public.firebaseio.com/cli.json 200
[debug] [2026-01-11T18:58:06.153Z] <<< [apiv2][body] GET https://firebase-public.firebaseio.com/cli.json {"cloudBuildErrorAfter":1594252800000,"cloudBuildWarnAfter":1590019200000,"defaultNode10After":1594252800000,"minVersion":"3.0.5","node8DeploysDisabledAfter":1613390400000,"node8RuntimeDisabledAfter":1615809600000,"node8WarnAfter":1600128000000}
[debug] [2026-01-11T18:58:30.938Z] Running auto auth
[debug] [2026-01-11T18:58:30.977Z] No OAuth tokens found
[debug] [2026-01-11T18:58:30.981Z] >>> [apiv2][query] GET https://firebase.googleapis.com/v1beta1/projects/studio-6068240579-e9698 [none]
[debug] [2026-01-11T18:58:31.231Z] <<< [apiv2][status] GET https://firebase.googleapis.com/v1beta1/projects/studio-6068240579-e9698 200
[debug] [2026-01-11T18:58:31.234Z] <<< [apiv2][body] GET https://firebase.googleapis.com/v1beta1/projects/studio-6068240579-e9698 {"projectId":"studio-6068240579-e9698","projectNumber":"263259542582","displayName":"Firebase app","name":"projects/studio-6068240579-e9698","resources":{"hostingSite":"studio-6068240579-e9698"},"state":"ACTIVE","etag":"1_33d9a215-8d92-4a74-b280-831bdc420c59"}
[info] i  Using project studio-6068240579-e9698 (Firebase app) . 
[info] 
=== Hosting Setup
[debug] [2026-01-11T18:58:31.262Z] No OAuth tokens found
[debug] [2026-01-11T18:58:31.262Z] >>> [apiv2][query] GET https://firebase.googleapis.com/v1beta1/projects/studio-6068240579-e9698 [none]
[debug] [2026-01-11T18:58:31.444Z] <<< [apiv2][status] GET https://firebase.googleapis.com/v1beta1/projects/studio-6068240579-e9698 200
[debug] [2026-01-11T18:58:31.444Z] <<< [apiv2][body] GET https://firebase.googleapis.com/v1beta1/projects/studio-6068240579-e9698 {"projectId":"studio-6068240579-e9698","projectNumber":"263259542582","displayName":"Firebase app","name":"projects/studio-6068240579-e9698","resources":{"hostingSite":"studio-6068240579-e9698"},"state":"ACTIVE","etag":"1_33d9a215-8d92-4a74-b280-831bdc420c59"}
[info] 
[info] Your public directory is the folder (relative to your project directory) that
[info] will contain Hosting assets to be uploaded with firebase deploy. If you
[info] have a build process for your assets, use your build's output directory.
[info] 
[info] 
[info] i  Detected a .git folder at /home/user/studio 
[info] i  Authorizing with GitHub to upload your service account to a GitHub repository's secrets store. 
[info] 
[info] Visit this URL on this device to log in:
[info] https://github.com/login/oauth/authorize?client_id=89cf50f02ac6aaed3484&state=123449685&redirect_uri=http%3A%2F%2Flocalhost%3A9005&scope=read%3Auser%20repo%20public_repo
[info] 
[info] Waiting for authentication...
